<?xml version="1.0" encoding="UTF-8"?>
<!-- Generated by org.testng.reporters.JUnitXMLReporter -->
<testsuite hostname="Sandeep" ignored="0" name="HealthCare Test" tests="10" failures="1" timestamp="04 Apr 2022 05:39:35 GMT" time="471.99" errors="0">
  <testcase name="TC_IncidentReport" time="35.953" classname="com.HC.testCases.TC_IncidentReport"/>
  <testcase name="loginTest" time="15.498" classname="com.HC.testCases.TC_LoginDDT_002"/>
  <testcase name="loginTest" time="25.812" classname="com.HC.testCases.TC_LoginDDT_002"/>
  <testcase name="TC_IncidentReportAllDetails" time="58.795" classname="com.HC.testCases.TC_IncidentReportAllDetails"/>
  <testcase name="TC_IncidentReportSaveSubmit" time="45.539" classname="com.HC.testCases.TC_IncidentReportSaveSubmit"/>
  <testcase name="TC_IncidentReportAnonymouslyAllDetails" time="60.328" classname="com.HC.testCases.TC_IncidentReportAnonymouslyAllDetails"/>
  <testcase name="TC_IncidentReportPatientComplaintDetails" time="66.669" classname="com.HC.testCases.TC_IncidentReportPatientComplaintDetails">
    <failure type="org.openqa.selenium.NoSuchElementException" message="no such element: Unable to locate element: {&amp;quot;method&amp;quot;:&amp;quot;xpath&amp;quot;,&amp;quot;selector&amp;quot;:&amp;quot;//button[contains(text(),&amp;apos;Yes&amp;apos;)]&amp;quot;}
  (Session info: chrome=99.0.4844.84)
For documentation on this error, please visit: http://seleniumhq.org/exceptions/no_such_element.html
Build info: version: &amp;apos;3.14.0&amp;apos;, revision: &amp;apos;aacccce0&amp;apos;, time: &amp;apos;2018-08-02T20:19:58.91Z&amp;apos;
System info: host: &amp;apos;SANDEEP&amp;apos;, ip: &amp;apos;192.168.43.106&amp;apos;, os.name: &amp;apos;Windows 10&amp;apos;, os.arch: &amp;apos;amd64&amp;apos;, os.version: &amp;apos;10.0&amp;apos;, java.version: &amp;apos;1.8.0_241&amp;apos;
Driver info: org.openqa.selenium.chrome.ChromeDriver
Capabilities {acceptInsecureCerts: false, browserName: chrome, browserVersion: 99.0.4844.84, chrome: {chromedriverVersion: 99.0.4844.51 (d537ec02474b5..., userDataDir: C:\Users\venkata\AppData\Lo...}, goog:chromeOptions: {debuggerAddress: localhost:54007}, javascriptEnabled: true, networkConnectionEnabled: false, pageLoadStrategy: normal, platform: WINDOWS, platformName: WINDOWS, proxy: Proxy(), setWindowRect: true, strictFileInteractability: false, timeouts: {implicit: 0, pageLoad: 300000, script: 30000}, unhandledPromptBehavior: dismiss and notify, webauthn:extension:credBlob: true, webauthn:extension:largeBlob: true, webauthn:virtualAuthenticators: true}
Session ID: 29fac964a6981b65ffc704d741ec735b
*** Element info: {Using=xpath, value=//button[contains(text(),&amp;apos;Yes&amp;apos;)]}">
      <![CDATA[org.openqa.selenium.NoSuchElementException: no such element: Unable to locate element: {"method":"xpath","selector":"//button[contains(text(),'Yes')]"}
  (Session info: chrome=99.0.4844.84)
For documentation on this error, please visit: http://seleniumhq.org/exceptions/no_such_element.html
Build info: version: '3.14.0', revision: 'aacccce0', time: '2018-08-02T20:19:58.91Z'
System info: host: 'SANDEEP', ip: '192.168.43.106', os.name: 'Windows 10', os.arch: 'amd64', os.version: '10.0', java.version: '1.8.0_241'
Driver info: org.openqa.selenium.chrome.ChromeDriver
Capabilities {acceptInsecureCerts: false, browserName: chrome, browserVersion: 99.0.4844.84, chrome: {chromedriverVersion: 99.0.4844.51 (d537ec02474b5..., userDataDir: C:\Users\venkata\AppData\Lo...}, goog:chromeOptions: {debuggerAddress: localhost:54007}, javascriptEnabled: true, networkConnectionEnabled: false, pageLoadStrategy: normal, platform: WINDOWS, platformName: WINDOWS, proxy: Proxy(), setWindowRect: true, strictFileInteractability: false, timeouts: {implicit: 0, pageLoad: 300000, script: 30000}, unhandledPromptBehavior: dismiss and notify, webauthn:extension:credBlob: true, webauthn:extension:largeBlob: true, webauthn:virtualAuthenticators: true}
Session ID: 29fac964a6981b65ffc704d741ec735b
*** Element info: {Using=xpath, value=//button[contains(text(),'Yes')]}
at org.openqa.selenium.remote.http.W3CHttpResponseCodec.createException(W3CHttpResponseCodec.java:187)
at org.openqa.selenium.remote.http.W3CHttpResponseCodec.decode(W3CHttpResponseCodec.java:122)
at org.openqa.selenium.remote.http.W3CHttpResponseCodec.decode(W3CHttpResponseCodec.java:49)
at org.openqa.selenium.remote.HttpCommandExecutor.execute(HttpCommandExecutor.java:158)
at org.openqa.selenium.remote.service.DriverCommandExecutor.execute(DriverCommandExecutor.java:83)
at org.openqa.selenium.remote.RemoteWebDriver.execute(RemoteWebDriver.java:548)
at org.openqa.selenium.remote.RemoteWebDriver.findElement(RemoteWebDriver.java:322)
at org.openqa.selenium.remote.RemoteWebDriver.findElementByXPath(RemoteWebDriver.java:424)
at org.openqa.selenium.By$ByXPath.findElement(By.java:353)
at org.openqa.selenium.remote.RemoteWebDriver.findElement(RemoteWebDriver.java:314)
at org.openqa.selenium.support.pagefactory.DefaultElementLocator.findElement(DefaultElementLocator.java:69)
at org.openqa.selenium.support.pagefactory.internal.LocatingElementHandler.invoke(LocatingElementHandler.java:38)
at com.sun.proxy.$Proxy10.click(Unknown Source)
at com.HC.pageObjects.LoginPage.popsubmit(LoginPage.java:133)
at com.HC.testCases.TC_IncidentReportPatientComplaintDetails.TC_IncidentReportPatientComplaintDetails(TC_IncidentReportPatientComplaintDetails.java:165)
at com.HC.pageObjects.DriverScript.execute_TestCase(DriverScript.java:49)
at com.HC.pageObjects.DriverScript.main(DriverScript.java:19)
... Removed 26 stack frames]]>
    </failure>
  </testcase> <!-- TC_IncidentReportPatientComplaintDetails -->
  <testcase name="TC_IncidentDashboardDeleteIncident" time="35.546" classname="com.HC.testCases.TC_IncidentDashboardDeleteIncident"/>
  <testcase name="TC_QualityDashboardAssign" time="27.935" classname="com.HC.testCases.TC_QualityDashboardAssign"/>
  <testcase name="TC_QualityDashboardReAssign" time="27.495" classname="com.HC.testCases.TC_QualityDashboardReAssign"/>
</testsuite> <!-- HealthCare Test -->
