<html>
<head>
<title>TestNG:  HealthCare Test</title>
<link href="../testng.css" rel="stylesheet" type="text/css" />
<link href="../my-testng.css" rel="stylesheet" type="text/css" />

<style type="text/css">
.log { display: none;} 
.stack-trace { display: none;} 
</style>
<script type="text/javascript">
<!--
function flip(e) {
  current = e.style.display;
  if (current == 'block') {
    e.style.display = 'none';
    return 0;
  }
  else {
    e.style.display = 'block';
    return 1;
  }
}

function toggleBox(szDivId, elem, msg1, msg2)
{
  var res = -1;  if (document.getElementById) {
    res = flip(document.getElementById(szDivId));
  }
  else if (document.all) {
    // this is the way old msie versions work
    res = flip(document.all[szDivId]);
  }
  if(elem) {
    if(res == 0) elem.innerHTML = msg1; else elem.innerHTML = msg2;
  }

}

function toggleAllBoxes() {
  if (document.getElementsByTagName) {
    d = document.getElementsByTagName('div');
    for (i = 0; i < d.length; i++) {
      if (d[i].className == 'log') {
        flip(d[i]);
      }
    }
  }
}

// -->
</script>

</head>
<body>
<h2 align='center'>HealthCare Test</h2><table border='1' align="center">
<tr>
<td>Tests passed/Failed/Skipped:</td><td>9/1/0</td>
</tr><tr>
<td>Started on:</td><td>Mon Apr 04 11:01:43 IST 2022</td>
</tr>
<tr><td>Total time:</td><td>471 seconds (471990 ms)</td>
</tr><tr>
<td>Included groups:</td><td></td>
</tr><tr>
<td>Excluded groups:</td><td></td>
</tr>
</table><p/>
<small><i>(Hover the method name to see the test class name)</i></small><p/>
<table width='100%' border='1' class='invocation-failed'>
<tr><td colspan='4' align='center'><b>FAILED TESTS</b></td></tr>
<tr><td><b>Test method</b></td>
<td width="30%"><b>Exception</b></td>
<td width="10%"><b>Time (seconds)</b></td>
<td><b>Instance</b></td>
</tr>
<tr>
<td title='com.HC.testCases.TC_IncidentReportPatientComplaintDetails.TC_IncidentReportPatientComplaintDetails()'><b>TC_IncidentReportPatientComplaintDetails</b><br>Test class: com.HC.testCases.TC_IncidentReportPatientComplaintDetails</td>
<td><div><pre>org.openqa.selenium.NoSuchElementException: no such element: Unable to locate element: {&quot;method&quot;:&quot;xpath&quot;,&quot;selector&quot;:&quot;//button[contains(text(),&apos;Yes&apos;)]&quot;}
  (Session info: chrome=99.0.4844.84)
For documentation on this error, please visit: http://seleniumhq.org/exceptions/no_such_element.html
Build info: version: &apos;3.14.0&apos;, revision: &apos;aacccce0&apos;, time: &apos;2018-08-02T20:19:58.91Z&apos;
System info: host: &apos;SANDEEP&apos;, ip: &apos;192.168.43.106&apos;, os.name: &apos;Windows 10&apos;, os.arch: &apos;amd64&apos;, os.version: &apos;10.0&apos;, java.version: &apos;1.8.0_241&apos;
Driver info: org.openqa.selenium.chrome.ChromeDriver
Capabilities {acceptInsecureCerts: false, browserName: chrome, browserVersion: 99.0.4844.84, chrome: {chromedriverVersion: 99.0.4844.51 (d537ec02474b5..., userDataDir: C:\Users\venkata\AppData\Lo...}, goog:chromeOptions: {debuggerAddress: localhost:54007}, javascriptEnabled: true, networkConnectionEnabled: false, pageLoadStrategy: normal, platform: WINDOWS, platformName: WINDOWS, proxy: Proxy(), setWindowRect: true, strictFileInteractability: false, timeouts: {implicit: 0, pageLoad: 300000, script: 30000}, unhandledPromptBehavior: dismiss and notify, webauthn:extension:credBlob: true, webauthn:extension:largeBlob: true, webauthn:virtualAuthenticators: true}
Session ID: 29fac964a6981b65ffc704d741ec735b
*** Element info: {Using=xpath, value=//button[contains(text(),&apos;Yes&apos;)]}
	at org.openqa.selenium.remote.http.W3CHttpResponseCodec.createException(W3CHttpResponseCodec.java:187)
	at org.openqa.selenium.remote.http.W3CHttpResponseCodec.decode(W3CHttpResponseCodec.java:122)
	at org.openqa.selenium.remote.http.W3CHttpResponseCodec.decode(W3CHttpResponseCodec.java:49)
	at org.openqa.selenium.remote.HttpCommandExecutor.execute(HttpCommandExecutor.java:158)
	at org.openqa.selenium.remote.service.DriverCommandExecutor.execute(DriverCommandExecutor.java:83)
	at org.openqa.selenium.remote.RemoteWebDriver.execute(RemoteWebDriver.java:548)
	at org.openqa.selenium.remote.RemoteWebDriver.findElement(RemoteWebDriver.java:322)
	at org.openqa.selenium.remote.RemoteWebDriver.findElementByXPath(RemoteWebDriver.java:424)
	at org.openqa.selenium.By$ByXPath.findElement(By.java:353)
	at org.openqa.selenium.remote.RemoteWebDriver.findElement(RemoteWebDriver.java:314)
	at org.openqa.selenium.support.pagefactory.DefaultElementLocator.findElement(DefaultElementLocator.java:69)
	at org.openqa.selenium.support.pagefactory.internal.LocatingElementHandler.invoke(LocatingElementHandler.java:38)
	at com.sun.proxy.$Proxy10.click(Unknown Source)
	at com.HC.pageObjects.LoginPage.popsubmit(LoginPage.java:133)
	at com.HC.testCases.TC_IncidentReportPatientComplaintDetails.TC_IncidentReportPatientComplaintDetails(TC_IncidentReportPatientComplaintDetails.java:165)
	at com.HC.pageObjects.DriverScript.execute_TestCase(DriverScript.java:49)
	at com.HC.pageObjects.DriverScript.main(DriverScript.java:19)
... Removed 26 stack frames</pre></div><a href='#' onClick='toggleBox("stack-trace1682828548", this, "Click to show all stack frames", "Click to hide stack frames")'>Click to show all stack frames</a>
<div class='stack-trace' id='stack-trace1682828548'><pre>org.openqa.selenium.NoSuchElementException: no such element: Unable to locate element: {&quot;method&quot;:&quot;xpath&quot;,&quot;selector&quot;:&quot;//button[contains(text(),&apos;Yes&apos;)]&quot;}
  (Session info: chrome=99.0.4844.84)
For documentation on this error, please visit: http://seleniumhq.org/exceptions/no_such_element.html
Build info: version: &apos;3.14.0&apos;, revision: &apos;aacccce0&apos;, time: &apos;2018-08-02T20:19:58.91Z&apos;
System info: host: &apos;SANDEEP&apos;, ip: &apos;192.168.43.106&apos;, os.name: &apos;Windows 10&apos;, os.arch: &apos;amd64&apos;, os.version: &apos;10.0&apos;, java.version: &apos;1.8.0_241&apos;
Driver info: org.openqa.selenium.chrome.ChromeDriver
Capabilities {acceptInsecureCerts: false, browserName: chrome, browserVersion: 99.0.4844.84, chrome: {chromedriverVersion: 99.0.4844.51 (d537ec02474b5..., userDataDir: C:\Users\venkata\AppData\Lo...}, goog:chromeOptions: {debuggerAddress: localhost:54007}, javascriptEnabled: true, networkConnectionEnabled: false, pageLoadStrategy: normal, platform: WINDOWS, platformName: WINDOWS, proxy: Proxy(), setWindowRect: true, strictFileInteractability: false, timeouts: {implicit: 0, pageLoad: 300000, script: 30000}, unhandledPromptBehavior: dismiss and notify, webauthn:extension:credBlob: true, webauthn:extension:largeBlob: true, webauthn:virtualAuthenticators: true}
Session ID: 29fac964a6981b65ffc704d741ec735b
*** Element info: {Using=xpath, value=//button[contains(text(),&apos;Yes&apos;)]}
	at sun.reflect.NativeConstructorAccessorImpl.newInstance0(Native Method)
	at sun.reflect.NativeConstructorAccessorImpl.newInstance(NativeConstructorAccessorImpl.java:62)
	at sun.reflect.DelegatingConstructorAccessorImpl.newInstance(DelegatingConstructorAccessorImpl.java:45)
	at java.lang.reflect.Constructor.newInstance(Constructor.java:423)
	at org.openqa.selenium.remote.http.W3CHttpResponseCodec.createException(W3CHttpResponseCodec.java:187)
	at org.openqa.selenium.remote.http.W3CHttpResponseCodec.decode(W3CHttpResponseCodec.java:122)
	at org.openqa.selenium.remote.http.W3CHttpResponseCodec.decode(W3CHttpResponseCodec.java:49)
	at org.openqa.selenium.remote.HttpCommandExecutor.execute(HttpCommandExecutor.java:158)
	at org.openqa.selenium.remote.service.DriverCommandExecutor.execute(DriverCommandExecutor.java:83)
	at org.openqa.selenium.remote.RemoteWebDriver.execute(RemoteWebDriver.java:548)
	at org.openqa.selenium.remote.RemoteWebDriver.findElement(RemoteWebDriver.java:322)
	at org.openqa.selenium.remote.RemoteWebDriver.findElementByXPath(RemoteWebDriver.java:424)
	at org.openqa.selenium.By$ByXPath.findElement(By.java:353)
	at org.openqa.selenium.remote.RemoteWebDriver.findElement(RemoteWebDriver.java:314)
	at org.openqa.selenium.support.pagefactory.DefaultElementLocator.findElement(DefaultElementLocator.java:69)
	at org.openqa.selenium.support.pagefactory.internal.LocatingElementHandler.invoke(LocatingElementHandler.java:38)
	at com.sun.proxy.$Proxy10.click(Unknown Source)
	at com.HC.pageObjects.LoginPage.popsubmit(LoginPage.java:133)
	at com.HC.testCases.TC_IncidentReportPatientComplaintDetails.TC_IncidentReportPatientComplaintDetails(TC_IncidentReportPatientComplaintDetails.java:165)
	at sun.reflect.NativeMethodAccessorImpl.invoke0(Native Method)
	at sun.reflect.NativeMethodAccessorImpl.invoke(NativeMethodAccessorImpl.java:62)
	at sun.reflect.DelegatingMethodAccessorImpl.invoke(DelegatingMethodAccessorImpl.java:43)
	at java.lang.reflect.Method.invoke(Method.java:498)
	at org.testng.internal.MethodInvocationHelper.invokeMethod(MethodInvocationHelper.java:124)
	at org.testng.internal.Invoker.invokeMethod(Invoker.java:583)
	at org.testng.internal.Invoker.invokeTestMethod(Invoker.java:719)
	at org.testng.internal.Invoker.invokeTestMethods(Invoker.java:989)
	at org.testng.internal.TestMethodWorker.invokeTestMethods(TestMethodWorker.java:125)
	at org.testng.internal.TestMethodWorker.run(TestMethodWorker.java:109)
	at org.testng.TestRunner.privateRun(TestRunner.java:648)
	at org.testng.TestRunner.run(TestRunner.java:505)
	at org.testng.SuiteRunner.runTest(SuiteRunner.java:455)
	at org.testng.SuiteRunner.runSequentially(SuiteRunner.java:450)
	at org.testng.SuiteRunner.privateRun(SuiteRunner.java:415)
	at org.testng.SuiteRunner.run(SuiteRunner.java:364)
	at org.testng.SuiteRunnerWorker.runSuite(SuiteRunnerWorker.java:52)
	at org.testng.SuiteRunnerWorker.run(SuiteRunnerWorker.java:84)
	at org.testng.TestNG.runSuitesSequentially(TestNG.java:1208)
	at org.testng.TestNG.runSuitesLocally(TestNG.java:1137)
	at org.testng.TestNG.runSuites(TestNG.java:1049)
	at org.testng.TestNG.run(TestNG.java:1017)
	at com.HC.pageObjects.DriverScript.execute_TestCase(DriverScript.java:49)
	at com.HC.pageObjects.DriverScript.main(DriverScript.java:19)
</pre></div></td>
<td>66</td>
<td>com.HC.testCases.TC_IncidentReportPatientComplaintDetails@2cbb3d47</td></tr>
</table><p>
<table width='100%' border='1' class='invocation-passed'>
<tr><td colspan='4' align='center'><b>PASSED TESTS</b></td></tr>
<tr><td><b>Test method</b></td>
<td width="30%"><b>Exception</b></td>
<td width="10%"><b>Time (seconds)</b></td>
<td><b>Instance</b></td>
</tr>
<tr>
<td title='com.HC.testCases.TC_IncidentDashboardDeleteIncident.TC_IncidentDashboardDeleteIncident()'><b>TC_IncidentDashboardDeleteIncident</b><br>Test class: com.HC.testCases.TC_IncidentDashboardDeleteIncident</td>
<td></td>
<td>35</td>
<td>com.HC.testCases.TC_IncidentDashboardDeleteIncident@527e5409</td></tr>
<tr>
<td title='com.HC.testCases.TC_IncidentReport.TC_IncidentReport()'><b>TC_IncidentReport</b><br>Test class: com.HC.testCases.TC_IncidentReport</td>
<td></td>
<td>35</td>
<td>com.HC.testCases.TC_IncidentReport@1460a8c0</td></tr>
<tr>
<td title='com.HC.testCases.TC_IncidentReportAllDetails.TC_IncidentReportAllDetails()'><b>TC_IncidentReportAllDetails</b><br>Test class: com.HC.testCases.TC_IncidentReportAllDetails</td>
<td></td>
<td>58</td>
<td>com.HC.testCases.TC_IncidentReportAllDetails@4387b79e</td></tr>
<tr>
<td title='com.HC.testCases.TC_IncidentReportAnonymouslyAllDetails.TC_IncidentReportAnonymouslyAllDetails()'><b>TC_IncidentReportAnonymouslyAllDetails</b><br>Test class: com.HC.testCases.TC_IncidentReportAnonymouslyAllDetails</td>
<td></td>
<td>60</td>
<td>com.HC.testCases.TC_IncidentReportAnonymouslyAllDetails@7fc229ab</td></tr>
<tr>
<td title='com.HC.testCases.TC_IncidentReportSaveSubmit.TC_IncidentReportSaveSubmit()'><b>TC_IncidentReportSaveSubmit</b><br>Test class: com.HC.testCases.TC_IncidentReportSaveSubmit</td>
<td></td>
<td>45</td>
<td>com.HC.testCases.TC_IncidentReportSaveSubmit@6e75aa0d</td></tr>
<tr>
<td title='com.HC.testCases.TC_QualityDashboardAssign.TC_QualityDashboardAssign()'><b>TC_QualityDashboardAssign</b><br>Test class: com.HC.testCases.TC_QualityDashboardAssign</td>
<td></td>
<td>27</td>
<td>com.HC.testCases.TC_QualityDashboardAssign@1198b989</td></tr>
<tr>
<td title='com.HC.testCases.TC_QualityDashboardReAssign.TC_QualityDashboardReAssign()'><b>TC_QualityDashboardReAssign</b><br>Test class: com.HC.testCases.TC_QualityDashboardReAssign</td>
<td></td>
<td>27</td>
<td>com.HC.testCases.TC_QualityDashboardReAssign@7ff95560</td></tr>
<tr>
<td title='com.HC.testCases.TC_LoginDDT_002.loginTest()'><b>loginTest</b><br>Test class: com.HC.testCases.TC_LoginDDT_002<br>Parameters: Ganesh, User@1</td>
<td></td>
<td>15</td>
<td>com.HC.testCases.TC_LoginDDT_002@4f638935</td></tr>
<tr>
<td title='com.HC.testCases.TC_LoginDDT_002.loginTest()'><b>loginTest</b><br>Test class: com.HC.testCases.TC_LoginDDT_002<br>Parameters: Ganesh, User@2</td>
<td></td>
<td>25</td>
<td>com.HC.testCases.TC_LoginDDT_002@4f638935</td></tr>
</table><p>
</body>
</html>